<?xml version="1.0" encoding="UTF-8"?>
<testng-results ignored="0" total="1" passed="1" failed="0" skipped="0">
  <reporter-output>
  </reporter-output>
  <suite started-at="2021-11-22T17:20:03 CST" name="Default suite" finished-at="2021-11-22T17:20:10 CST" duration-ms="6982">
    <groups>
    </groups>
    <test started-at="2021-11-22T17:20:03 CST" name="Default test" finished-at="2021-11-22T17:20:10 CST" duration-ms="6982">
      <class name="test.AddContact">
        <test-method signature="validCustomerShouldBeAbleToAddCustomer()[pri:0, instance:test.AddContact@366647c2]" started-at="2021-11-22T17:20:04 CST" name="validCustomerShouldBeAbleToAddCustomer" finished-at="2021-11-22T17:20:10 CST" duration-ms="6928" status="PASS">
          <reporter-output>
          </reporter-output>
        </test-method> <!-- validCustomerShouldBeAbleToAddCustomer -->
      </class> <!-- test.AddContact -->
    </test> <!-- Default test -->
  </suite> <!-- Default suite -->
</testng-results>
